<?xml version="1.0" encoding="UTF-8"?>
<!-- Generated by org.testng.reporters.JUnitReportReporter -->
<testsuite hostname="DESKTOP-9NF6R9F" failures="0" tests="1" name="com.javaautomationproject.CopyTitles" time="4.839" errors="0" timestamp="2023-06-06T23:25:11 BST" skipped="0">
  <testcase classname="com.javaautomationproject.CopyTitles" name="writeTitlesinNotes" time="4.839"/>
  <system-out/>
</testsuite> <!-- com.javaautomationproject.CopyTitles -->
